<?xml version="1.0" encoding="UTF-8"?>
<testng-results skipped="0" failed="0" ignored="0" total="2" passed="2">
  <reporter-output>
  </reporter-output>
  <suite name="Default suite" duration-ms="117" started-at="2020-06-16T12:40:31 IST" finished-at="2020-06-16T12:40:31 IST">
    <groups>
    </groups>
    <test name="Default test" duration-ms="117" started-at="2020-06-16T12:40:31 IST" finished-at="2020-06-16T12:40:31 IST">
      <class name="com.student2.letskodeit2.TestNG_Preserve1">
        <test-method status="PASS" signature="testMethod1()[pri:0, instance:com.student2.letskodeit2.TestNG_Preserve1@57855c9a]" name="testMethod1" duration-ms="39" started-at="2020-06-16T12:40:31 IST" finished-at="2020-06-16T12:40:31 IST">
          <reporter-output>
          </reporter-output>
        </test-method> <!-- testMethod1 -->
        <test-method status="PASS" signature="testMethod2()[pri:0, instance:com.student2.letskodeit2.TestNG_Preserve1@57855c9a]" name="testMethod2" duration-ms="2" started-at="2020-06-16T12:40:31 IST" finished-at="2020-06-16T12:40:31 IST">
          <reporter-output>
          </reporter-output>
        </test-method> <!-- testMethod2 -->
      </class> <!-- com.student2.letskodeit2.TestNG_Preserve1 -->
    </test> <!-- Default test -->
  </suite> <!-- Default suite -->
</testng-results>
